<?xml version="1.0" encoding="UTF-8" ?>
<testsuite tests="6" failures="0" name="com.beverly.personal.test.util.SQLBuilderTest" time="0.001" errors="0" skipped="0">
  <properties>
[...]
</properties>
  <testcase classname="com.beverly.personal.test.util.SQLBuilderTest" name="testTime" time="0"/>
  <testcase classname="com.beverly.personal.test.util.SQLBuilderTest" name="updateTest" time="0"/>
  <testcase classname="com.beverly.personal.test.util.SQLBuilderTest" name="selectAllTest" time="0"/>
  <testcase classname="com.beverly.personal.test.util.SQLBuilderTest" name="insertTest" time="0.001"/>
  <testcase classname="com.beverly.personal.test.util.SQLBuilderTest" name="selectTableTest" time="0"/>
  <testcase classname="com.beverly.personal.test.util.SQLBuilderTest" name="testUpload" time="0"/>
</testsuite>